<?xml version="1.0" encoding="UTF-8"?>
<testng-results ignored="0" total="3" passed="3" failed="0" skipped="0">
  <reporter-output>
  </reporter-output>
  <suite started-at="2021-06-11T17:20:17 IST" name="Default suite" finished-at="2021-06-11T17:20:18 IST" duration-ms="1612">
    <groups>
      <group name="cucumber">
        <method signature="AbstractTestNGCucumberTests.runScenario(io.cucumber.testng.PickleWrapper, io.cucumber.testng.FeatureWrapper)[pri:0, instance:TestRunner.TaggedHookRunner@5cee5251]" name="runScenario" class="io.cucumber.testng.AbstractTestNGCucumberTests"/>
      </group> <!-- cucumber -->
    </groups>
    <test started-at="2021-06-11T17:20:17 IST" name="Default test" finished-at="2021-06-11T17:20:18 IST" duration-ms="1612">
      <class name="TestRunner.TaggedHookRunner">
        <test-method is-config="true" signature="setUpClass()[pri:0, instance:TestRunner.TaggedHookRunner@5cee5251]" started-at="2021-06-11T17:20:17 IST" name="setUpClass" finished-at="2021-06-11T17:20:17 IST" duration-ms="886" status="PASS">
          <reporter-output>
          </reporter-output>
        </test-method> <!-- setUpClass -->
        <test-method signature="runScenario(io.cucumber.testng.PickleWrapper, io.cucumber.testng.FeatureWrapper)[pri:0, instance:TestRunner.TaggedHookRunner@5cee5251]" started-at="2021-06-11T17:20:18 IST" name="runScenario" description="Runs Cucumber Scenarios" data-provider="scenarios" finished-at="2021-06-11T17:20:18 IST" duration-ms="336" status="PASS">
          <params>
            <param index="0">
              <value>
                <![CDATA["Scenario of first hook"]]>
              </value>
            </param>
            <param index="1">
              <value>
                <![CDATA["Optional[Example of tagged hook]"]]>
              </value>
            </param>
          </params>
          <reporter-output>
          </reporter-output>
        </test-method> <!-- runScenario -->
        <test-method signature="runScenario(io.cucumber.testng.PickleWrapper, io.cucumber.testng.FeatureWrapper)[pri:0, instance:TestRunner.TaggedHookRunner@5cee5251]" started-at="2021-06-11T17:20:18 IST" name="runScenario" description="Runs Cucumber Scenarios" data-provider="scenarios" finished-at="2021-06-11T17:20:18 IST" duration-ms="30" status="PASS">
          <params>
            <param index="0">
              <value>
                <![CDATA["Scenario of second hook"]]>
              </value>
            </param>
            <param index="1">
              <value>
                <![CDATA["Optional[Example of tagged hook]"]]>
              </value>
            </param>
          </params>
          <reporter-output>
          </reporter-output>
        </test-method> <!-- runScenario -->
        <test-method signature="runScenario(io.cucumber.testng.PickleWrapper, io.cucumber.testng.FeatureWrapper)[pri:0, instance:TestRunner.TaggedHookRunner@5cee5251]" started-at="2021-06-11T17:20:18 IST" name="runScenario" description="Runs Cucumber Scenarios" data-provider="scenarios" finished-at="2021-06-11T17:20:18 IST" duration-ms="29" status="PASS">
          <params>
            <param index="0">
              <value>
                <![CDATA["Scenario of third hook"]]>
              </value>
            </param>
            <param index="1">
              <value>
                <![CDATA["Optional[Example of tagged hook]"]]>
              </value>
            </param>
          </params>
          <reporter-output>
          </reporter-output>
        </test-method> <!-- runScenario -->
        <test-method is-config="true" signature="tearDownClass()[pri:0, instance:TestRunner.TaggedHookRunner@5cee5251]" started-at="2021-06-11T17:20:18 IST" name="tearDownClass" finished-at="2021-06-11T17:20:18 IST" duration-ms="265" status="PASS">
          <reporter-output>
          </reporter-output>
        </test-method> <!-- tearDownClass -->
      </class> <!-- TestRunner.TaggedHookRunner -->
    </test> <!-- Default test -->
  </suite> <!-- Default suite -->
</testng-results>
